-------------------------------------------------------------------------------
Test set: complaintTest
-------------------------------------------------------------------------------
Tests run: 2, Failures: 1, Errors: 0, Skipped: 0, Time elapsed: 66.934 sec <<< FAILURE!
validateUserCanSuccessfullyLoginTotheSystem(complaintTest)  Time elapsed: 0.006 sec  <<< FAILURE!
java.lang.AssertionError: The following asserts failed:
	expected [4] but found [1]
	at org.testng.asserts.SoftAssert.assertAll(SoftAssert.java:47)
	at org.testng.asserts.SoftAssert.assertAll(SoftAssert.java:31)
	at complaintTest.validateUserCanSuccessfullyLoginTotheSystem(complaintTest.java:67)

